[    0.000000] Linux version 4.15.0-194-generic (buildd@lcy02-amd64-052) (gcc version 7.5.0 (Ubuntu 7.5.0-3ubuntu1~18.04)) #205-Ubuntu SMP Fri Sep 16 19:49:27 UTC 2022 (Ubuntu 4.15.0-194.205-generic 4.15.18)
[    0.000000] Command line: BOOT_IMAGE=/boot/vmlinuz-4.15.0-194-generic root=LABEL=cloudimg-rootfs ro console=tty1 console=ttyS0
[    0.000000] KERNEL supported cpus:
[    0.000000]   Intel GenuineIntel
[    0.000000]   AMD AuthenticAMD
[    0.000000]   Centaur CentaurHauls
[    0.000000] x86/fpu: Supporting XSAVE feature 0x001: 'x87 floating point registers'
[    0.000000] x86/fpu: Supporting XSAVE feature 0x002: 'SSE registers'
[    0.000000] x86/fpu: Supporting XSAVE feature 0x004: 'AVX registers'
[    0.000000] x86/fpu: xstate_offset[2]:  576, xstate_sizes[2]:  256
[    0.000000] x86/fpu: Enabled xstate features 0x7, context size is 832 bytes, using 'standard' format.
[    0.000000] e820: BIOS-provided physical RAM map:
[    0.000000] BIOS-e820: [mem 0x0000000000000000-0x000000000009fbff] usable
[    0.000000] BIOS-e820: [mem 0x000000000009fc00-0x000000000009ffff] reserved
[    0.000000] BIOS-e820: [mem 0x00000000000f0000-0x00000000000fffff] reserved
[    0.000000] BIOS-e820: [mem 0x0000000000100000-0x000000007ffeffff] usable
[    0.000000] BIOS-e820: [mem 0x000000007fff0000-0x000000007fffffff] ACPI data
[    0.000000] BIOS-e820: [mem 0x00000000fec00000-0x00000000fec00fff] reserved
[    0.000000] BIOS-e820: [mem 0x00000000fee00000-0x00000000fee00fff] reserved
[    0.000000] BIOS-e820: [mem 0x00000000fffc0000-0x00000000ffffffff] reserved
[    0.000000] NX (Execute Disable) protection: active
[    0.000000] SMBIOS 2.5 present.
[    0.000000] DMI: innotek GmbH VirtualBox/VirtualBox, BIOS VirtualBox 12/01/2006
[    0.000000] Hypervisor detected: KVM
[    0.000000] e820: last_pfn = 0x7fff0 max_arch_pfn = 0x400000000
[    0.000000] MTRR: Disabled
[    0.000000] x86/PAT: MTRRs disabled, skipping PAT initialization too.
[    0.000000] CPU MTRRs all blank - virtualized system.
[    0.000000] x86/PAT: Configuration [0-7]: WB  WT  UC- UC  WB  WT  UC- UC  
[    0.000000] found SMP MP-table at [mem 0x0009fff0-0x0009ffff]
[    0.000000] Scanning 1 areas for low memory corruption
[    0.000000] RAMDISK: [mem 0x359cb000-0x36cdcfff]
[    0.000000] ACPI: Early table checksum verification disabled
[    0.000000] ACPI: RSDP 0x00000000000E0000 000024 (v02 VBOX  )
[    0.000000] ACPI: XSDT 0x000000007FFF0030 00003C (v01 VBOX   VBOXXSDT 00000001 ASL  00000061)
[    0.000000] ACPI: FACP 0x000000007FFF00F0 0000F4 (v04 VBOX   VBOXFACP 00000001 ASL  00000061)
[    0.000000] ACPI: DSDT 0x000000007FFF0470 002325 (v02 VBOX   VBOXBIOS 00000002 INTL 20200925)
[    0.000000] ACPI: FACS 0x000000007FFF0200 000040
[    0.000000] ACPI: FACS 0x000000007FFF0200 000040
[    0.000000] ACPI: APIC 0x000000007FFF0240 00005C (v02 VBOX   VBOXAPIC 00000001 ASL  00000061)
[    0.000000] ACPI: SSDT 0x000000007FFF02A0 0001CC (v01 VBOX   VBOXCPUT 00000002 INTL 20200925)
[    0.000000] ACPI: Reserving FACP table memory at [mem 0x7fff00f0-0x7fff01e3]
[    0.000000] ACPI: Reserving DSDT table memory at [mem 0x7fff0470-0x7fff2794]
[    0.000000] ACPI: Reserving FACS table memory at [mem 0x7fff0200-0x7fff023f]
[    0.000000] ACPI: Reserving FACS table memory at [mem 0x7fff0200-0x7fff023f]
[    0.000000] ACPI: Reserving APIC table memory at [mem 0x7fff0240-0x7fff029b]
[    0.000000] ACPI: Reserving SSDT table memory at [mem 0x7fff02a0-0x7fff046b]
[    0.000000] No NUMA configuration found
[    0.000000] Faking a node at [mem 0x0000000000000000-0x000000007ffeffff]
[    0.000000] NODE_DATA(0) allocated [mem 0x7ffc5000-0x7ffeffff]
[    0.000000] kvm-clock: cpu 0, msr 0:7ff44001, primary cpu clock
[    0.000000] kvm-clock: Using msrs 4b564d01 and 4b564d00
[    0.000000] kvm-clock: using sched offset of 3246602514 cycles
[    0.000000] clocksource: kvm-clock: mask: 0xffffffffffffffff max_cycles: 0x1cd42e4dffb, max_idle_ns: 881590591483 ns
[    0.000000] Zone ranges:
[    0.000000]   DMA      [mem 0x0000000000001000-0x0000000000ffffff]
[    0.000000]   DMA32    [mem 0x0000000001000000-0x000000007ffeffff]
[    0.000000]   Normal   empty
[    0.000000]   Device   empty
[    0.000000] Movable zone start for each node
[    0.000000] Early memory node ranges
[    0.000000]   node   0: [mem 0x0000000000001000-0x000000000009efff]
[    0.000000]   node   0: [mem 0x0000000000100000-0x000000007ffeffff]
[    0.000000] Reserved but unavailable: 104 pages
[    0.000000] Initmem setup node 0 [mem 0x0000000000001000-0x000000007ffeffff]
[    0.000000] ACPI: PM-Timer IO Port: 0x4008
[    0.000000] IOAPIC[0]: apic_id 2, version 32, address 0xfec00000, GSI 0-23
[    0.000000] ACPI: INT_SRC_OVR (bus 0 bus_irq 0 global_irq 2 dfl dfl)
[    0.000000] ACPI: INT_SRC_OVR (bus 0 bus_irq 9 global_irq 9 low level)
[    0.000000] Using ACPI (MADT) for SMP configuration information
[    0.000000] smpboot: Allowing 2 CPUs, 0 hotplug CPUs
[    0.000000] PM: Registered nosave memory: [mem 0x00000000-0x00000fff]
[    0.000000] PM: Registered nosave memory: [mem 0x0009f000-0x0009ffff]
[    0.000000] PM: Registered nosave memory: [mem 0x000a0000-0x000effff]
[    0.000000] PM: Registered nosave memory: [mem 0x000f0000-0x000fffff]
[    0.000000] e820: [mem 0x80000000-0xfebfffff] available for PCI devices
[    0.000000] Booting paravirtualized kernel on KVM
[    0.000000] clocksource: refined-jiffies: mask: 0xffffffff max_cycles: 0xffffffff, max_idle_ns: 7645519600211568 ns
[    0.000000] setup_percpu: NR_CPUS:8192 nr_cpumask_bits:2 nr_cpu_ids:2 nr_node_ids:1
[    0.000000] percpu: Embedded 50 pages/cpu s167936 r8192 d28672 u1048576
[    0.000000] PV qspinlock hash table entries: 256 (order: 0, 4096 bytes)
[    0.000000] Built 1 zonelists, mobility grouping on.  Total pages: 515961
[    0.000000] Policy zone: DMA32
[    0.000000] Kernel command line: BOOT_IMAGE=/boot/vmlinuz-4.15.0-194-generic root=LABEL=cloudimg-rootfs ro console=tty1 console=ttyS0
[    0.000000] Memory: 2014844K/2096696K available (12300K kernel code, 2477K rwdata, 4320K rodata, 2472K init, 2720K bss, 81852K reserved, 0K cma-reserved)
[    0.000000] SLUB: HWalign=64, Order=0-3, MinObjects=0, CPUs=2, Nodes=1
[    0.000000] Kernel/User page tables isolation: enabled
[    0.000000] ftrace: allocating 39477 entries in 155 pages
[    0.004000] Hierarchical RCU implementation.
[    0.004000] 	RCU restricting CPUs from NR_CPUS=8192 to nr_cpu_ids=2.
[    0.004000] 	Tasks RCU enabled.
[    0.004000] RCU: Adjusting geometry for rcu_fanout_leaf=16, nr_cpu_ids=2
[    0.004000] NR_IRQS: 524544, nr_irqs: 440, preallocated irqs: 16
[    0.004000] random: crng init done
[    0.004000] Console: colour VGA+ 80x25
[    0.004000] console [tty1] enabled
[    0.004000] console [ttyS0] enabled
[    0.004000] ACPI: Core revision 20170831
[    0.004000] ACPI: 2 ACPI AML tables successfully acquired and loaded
[    0.004000] APIC: Switch to symmetric I/O mode setup
[    0.004000] x2apic enabled
[    0.004000] Switched APIC routing to physical x2apic.
[    0.004000] ..TIMER: vector=0x30 apic1=0 pin1=2 apic2=-1 pin2=-1
[    0.004000] tsc: Detected 2903.878 MHz processor
[    0.004008] Calibrating delay loop (skipped) preset value.. 5807.75 BogoMIPS (lpj=11615512)
[    0.005063] pid_max: default: 32768 minimum: 301
[    0.005680] Security Framework initialized
[    0.006222] Yama: becoming mindful.
[    0.006706] AppArmor: AppArmor initialized
[    0.008073] Dentry cache hash table entries: 262144 (order: 9, 2097152 bytes)
[    0.009409] Inode-cache hash table entries: 131072 (order: 8, 1048576 bytes)
[    0.011234] Mount-cache hash table entries: 4096 (order: 3, 32768 bytes)
[    0.012000] Mountpoint-cache hash table entries: 4096 (order: 3, 32768 bytes)
[    0.012213] Last level iTLB entries: 4KB 64, 2MB 8, 4MB 8
[    0.012904] Last level dTLB entries: 4KB 64, 2MB 0, 4MB 0, 1GB 4
[    0.016003] Spectre V1 : Mitigation: usercopy/swapgs barriers and __user pointer sanitization
[    0.017076] Spectre V2 : Mitigation: Retpolines
[    0.017666] Spectre V2 : Spectre v2 / SpectreRSB mitigation: Filling RSB on context switch
[    0.018716] Speculative Store Bypass: Vulnerable
[    0.019401] MDS: Mitigation: Clear CPU buffers
[    0.020001] MMIO Stale Data: Mitigation: Clear CPU buffers
[    0.020703] SRBDS: Unknown: Dependent on hypervisor status
[    0.021535] Freeing SMP alternatives memory: 36K
[    0.132000] smpboot: CPU0: Intel(R) Core(TM) i5-10400 CPU @ 2.90GHz (family: 0x6, model: 0xa5, stepping: 0x5)
[    0.132000] Performance Events: unsupported p6 CPU model 165 no PMU driver, software events only.
[    0.132000] Hierarchical SRCU implementation.
[    0.132000] NMI watchdog: Perf event create on CPU 0 failed with -2
[    0.132001] NMI watchdog: Perf NMI watchdog permanently disabled
[    0.132874] smp: Bringing up secondary CPUs ...
[    0.133625] x86: Booting SMP configuration:
[    0.134236] .... node  #0, CPUs:      #1
[    0.004000] kvm-clock: cpu 1, msr 0:7ff44041, secondary cpu clock
[    0.138269] smp: Brought up 1 node, 2 CPUs
[    0.138269] smpboot: Max logical packages: 1
[    0.138269] smpboot: Total of 2 processors activated (11615.51 BogoMIPS)
[    0.140104] devtmpfs: initialized
[    0.140537] x86/mm: Memory block size: 128MB
[    0.141302] evm: security.selinux
[    0.141806] evm: security.SMACK64
[    0.142304] evm: security.SMACK64EXEC
[    0.142843] evm: security.SMACK64TRANSMUTE
[    0.144002] evm: security.SMACK64MMAP
[    0.144545] evm: security.apparmor
[    0.145052] evm: security.ima
[    0.145503] evm: security.capability
[    0.146061] clocksource: jiffies: mask: 0xffffffff max_cycles: 0xffffffff, max_idle_ns: 7645041785100000 ns
[    0.146061] futex hash table entries: 512 (order: 3, 32768 bytes)
[    0.148028] pinctrl core: initialized pinctrl subsystem
[    0.148840] RTC time: 20:22:04, date: 10/21/22
[    0.149628] NET: Registered protocol family 16
[    0.150322] audit: initializing netlink subsys (disabled)
[    0.151113] audit: type=2000 audit(1666383728.716:1): state=initialized audit_enabled=0 res=1
[    0.152064] cpuidle: using governor ladder
[    0.152613] cpuidle: using governor menu
[    0.153262] ACPI: bus type PCI registered
[    0.153854] acpiphp: ACPI Hot Plug PCI Controller Driver version: 0.5
[    0.154818] PCI: Using configuration type 1 for base access
[    0.157128] HugeTLB registered 2.00 MiB page size, pre-allocated 0 pages
[    0.157128] ACPI: Added _OSI(Module Device)
[    0.157128] ACPI: Added _OSI(Processor Device)
[    0.160006] ACPI: Added _OSI(3.0 _SCP Extensions)
[    0.160685] ACPI: Added _OSI(Processor Aggregator Device)
[    0.161504] ACPI: Added _OSI(Linux-Dell-Video)
[    0.162152] ACPI: Added _OSI(Linux-Lenovo-NV-HDMI-Audio)
[    0.162906] ACPI: Added _OSI(Linux-HPI-Hybrid-Graphics)
[    0.164197] ACPI: Executed 1 blocks of module-level executable AML code
[    0.167403] ACPI: Interpreter enabled
[    0.168009] ACPI: (supports S0 S5)
[    0.168528] ACPI: Using IOAPIC for interrupt routing
[    0.169394] PCI: Using host bridge windows from ACPI; if necessary, use "pci=nocrs" and report a bug
[    0.170835] ACPI: Enabled 2 GPEs in block 00 to 07
[    0.175569] ACPI: PCI Root Bridge [PCI0] (domain 0000 [bus 00-ff])
[    0.176005] acpi PNP0A03:00: _OSC: OS supports [ASPM ClockPM Segments MSI]
[    0.177291] acpi PNP0A03:00: _OSC: not requesting OS control; OS requires [ExtendedConfig ASPM ClockPM MSI]
[    0.178706] acpi PNP0A03:00: fail to add MMCONFIG information, can't access extended PCI configuration space under this bridge.
[    0.180262] PCI host bridge to bus 0000:00
[    0.180866] pci_bus 0000:00: root bus resource [io  0x0000-0x0cf7 window]
[    0.181858] pci_bus 0000:00: root bus resource [io  0x0d00-0xffff window]
[    0.182818] pci_bus 0000:00: root bus resource [mem 0x000a0000-0x000bffff window]
[    0.184002] pci_bus 0000:00: root bus resource [mem 0x80000000-0xfdffffff window]
[    0.185115] pci_bus 0000:00: root bus resource [bus 00-ff]
[    0.188218] pci 0000:00:01.1: legacy IDE quirk: reg 0x10: [io  0x01f0-0x01f7]
[    0.189203] pci 0000:00:01.1: legacy IDE quirk: reg 0x14: [io  0x03f6]
[    0.190146] pci 0000:00:01.1: legacy IDE quirk: reg 0x18: [io  0x0170-0x0177]
[    0.191144] pci 0000:00:01.1: legacy IDE quirk: reg 0x1c: [io  0x0376]
[    0.205090] pci 0000:00:07.0: quirk: [io  0x4000-0x403f] claimed by PIIX4 ACPI
[    0.206199] pci 0000:00:07.0: quirk: [io  0x4100-0x410f] claimed by PIIX4 SMB
[    0.214716] ACPI: PCI Interrupt Link [LNKA] (IRQs 5 9 10 *11)
[    0.215760] ACPI: PCI Interrupt Link [LNKB] (IRQs 5 9 *10 11)
[    0.216081] ACPI: PCI Interrupt Link [LNKC] (IRQs 5 *9 10 11)
[    0.216973] ACPI: PCI Interrupt Link [LNKD] (IRQs 5 9 10 *11)
[    0.218088] SCSI subsystem initialized
[    0.218679] pci 0000:00:02.0: vgaarb: setting as boot VGA device
[    0.218679] pci 0000:00:02.0: vgaarb: VGA device added: decodes=io+mem,owns=io+mem,locks=none
[    0.220008] pci 0000:00:02.0: vgaarb: bridge control possible
[    0.220823] vgaarb: loaded
[    0.221263] ACPI: bus type USB registered
[    0.221864] usbcore: registered new interface driver usbfs
[    0.224012] usbcore: registered new interface driver hub
[    0.224774] usbcore: registered new device driver usb
[    0.225529] EDAC MC: Ver: 3.0.0
[    0.225529] PCI: Using ACPI for IRQ routing
[    0.225529] NetLabel: Initializing
[    0.225529] NetLabel:  domain hash size = 128
[    0.228006] NetLabel:  protocols = UNLABELED CIPSOv4 CALIPSO
[    0.228816] NetLabel:  unlabeled traffic allowed by default
[    0.229622] clocksource: Switched to clocksource kvm-clock
[    0.236803] VFS: Disk quotas dquot_6.6.0
[    0.237408] VFS: Dquot-cache hash table entries: 512 (order 0, 4096 bytes)
[    0.238436] AppArmor: AppArmor Filesystem Enabled
[    0.239137] pnp: PnP ACPI init
[    0.240293] pnp: PnP ACPI: found 3 devices
[    0.248021] clocksource: acpi_pm: mask: 0xffffff max_cycles: 0xffffff, max_idle_ns: 2085701024 ns
[    0.249320] NET: Registered protocol family 2
[    0.249998] IP idents hash table entries: 32768 (order: 6, 262144 bytes)
[    0.251148] TCP established hash table entries: 16384 (order: 5, 131072 bytes)
[    0.252280] TCP bind hash table entries: 16384 (order: 6, 262144 bytes)
[    0.253611] TCP: Hash tables configured (established 16384 bind 16384)
[    0.254549] UDP hash table entries: 1024 (order: 3, 32768 bytes)
[    0.255400] UDP-Lite hash table entries: 1024 (order: 3, 32768 bytes)
[    0.256526] NET: Registered protocol family 1
[    0.257228] pci 0000:00:00.0: Limiting direct PCI/PCI transfers
[    0.258092] pci 0000:00:01.0: Activating ISA DMA hang workarounds
[    0.259076] pci 0000:00:02.0: Video device with shadowed ROM at [mem 0x000c0000-0x000dffff]
[    0.260225] Unpacking initramfs...
[    0.473811] Freeing initrd memory: 19528K
[    0.474477] clocksource: tsc: mask: 0xffffffffffffffff max_cycles: 0x29db9265ee8, max_idle_ns: 440795250008 ns
[    0.475773] platform rtc_cmos: registered platform RTC device (no PNP device found)
[    0.476824] Scanning for low memory corruption every 60 seconds
[    0.478549] Initialise system trusted keyrings
[    0.479129] Key type blacklist registered
[    0.479720] workingset: timestamp_bits=36 max_order=19 bucket_order=0
[    0.481226] zbud: loaded
[    0.481972] squashfs: version 4.0 (2009/01/31) Phillip Lougher
[    0.482832] fuse init (API version 7.26)
[    0.484539] Key type asymmetric registered
[    0.485098] Asymmetric key parser 'x509' registered
[    0.485732] Block layer SCSI generic (bsg) driver version 0.4 loaded (major 246)
[    0.486736] io scheduler noop registered
[    0.487266] io scheduler deadline registered
[    0.487829] io scheduler cfq registered (default)
[    0.488811] ACPI: AC Adapter [AC] (on-line)
[    0.489402] input: Power Button as /devices/LNXSYSTM:00/LNXPWRBN:00/input/input0
[    0.490435] ACPI: Power Button [PWRF]
[    0.490976] input: Sleep Button as /devices/LNXSYSTM:00/LNXSLPBN:00/input/input1
[    0.491940] ACPI: Sleep Button [SLPF]
[    0.492734] Serial: 8250/16550 driver, 32 ports, IRQ sharing enabled
[    0.514005] 00:02: ttyS0 at I/O 0x3f8 (irq = 4, base_baud = 115200) is a 16550A
[    0.516662] Linux agpgart interface v0.103
[    0.518108] loop: module loaded
[    0.518891] scsi host0: ata_piix
[    0.519411] scsi host1: ata_piix
[    0.519883] ata1: PATA max UDMA/33 cmd 0x1f0 ctl 0x3f6 bmdma 0xd000 irq 14
[    0.520772] ata2: PATA max UDMA/33 cmd 0x170 ctl 0x376 bmdma 0xd008 irq 15
[    0.521687] tun: Universal TUN/TAP device driver, 1.6
[    0.522392] PPP generic driver version 2.4.2
[    0.522996] ehci_hcd: USB 2.0 'Enhanced' Host Controller (EHCI) Driver
[    0.523815] ehci-pci: EHCI PCI platform driver
[    0.524413] ehci-platform: EHCI generic platform driver
[    0.525082] ohci_hcd: USB 1.1 'Open' Host Controller (OHCI) Driver
[    0.525847] ohci-pci: OHCI PCI platform driver
[    0.526418] ohci-platform: OHCI generic platform driver
[    0.527086] uhci_hcd: USB Universal Host Controller Interface driver
[    0.527908] i8042: PNP: PS/2 Controller [PNP0303:PS2K,PNP0f03:PS2M] at 0x60,0x64 irq 1,12
[    0.529321] serio: i8042 KBD port at 0x60,0x64 irq 1
[    0.529956] serio: i8042 AUX port at 0x60,0x64 irq 12
[    0.530714] mousedev: PS/2 mouse device common for all mice
[    0.531734] input: AT Translated Set 2 keyboard as /devices/platform/i8042/serio0/input/input2
[    0.533077] rtc_cmos rtc_cmos: rtc core: registered rtc_cmos as rtc0
[    0.533902] rtc_cmos rtc_cmos: alarms up to one day, 114 bytes nvram
[    0.534692] i2c /dev entries driver
[    0.535179] device-mapper: uevent: version 1.0.3
[    0.535852] device-mapper: ioctl: 4.37.0-ioctl (2017-09-20) initialised: dm-devel@redhat.com
[    0.537025] ledtrig-cpu: registered to indicate activity on CPUs
[    0.538067] NET: Registered protocol family 10
[    0.541173] Segment Routing with IPv6
[    0.541689] NET: Registered protocol family 17
[    0.542303] Key type dns_resolver registered
[    0.542979] mce: Using 0 MCE banks
[    0.543504] RAS: Correctable Errors collector initialized.
[    0.544247] sched_clock: Marking stable (544230508, 0)->(668930161, -124699653)
[    0.545565] registered taskstats version 1
[    0.546144] Loading compiled-in X.509 certificates
[    0.548300] Loaded X.509 cert 'Build time autogenerated kernel key: 6303a3b02fa1c7713b8a75ba7ba622fabd5dd271'
[    0.549949] Loaded X.509 cert 'Canonical Ltd. Live Patch Signing: 14df34d1a87cf37625abec039ef2bf521249b969'
[    0.551796] Loaded X.509 cert 'Canonical Ltd. Kernel Module Signing: 88f752e560a1e0737e31163a466ad7b70a850c19'
[    0.553252] blacklist: Loading compiled-in revocation X.509 certificates
[    0.554230] Loaded X.509 cert 'Canonical Ltd. Secure Boot Signing: 61482aa2830d0ab2ad5af10b7250da9033ddcef0'
[    0.555636] zswap: loaded using pool lzo/zbud
[    0.558557] Key type big_key registered
[    0.559145] Key type trusted registered
[    0.560802] Key type encrypted registered
[    0.561410] AppArmor: AppArmor sha1 policy hashing enabled
[    0.562208] ima: No TPM chip found, activating TPM-bypass! (rc=-19)
[    0.563107] ima: Allocated hash algorithm: sha1
[    0.563781] evm: HMAC attrs: 0x1
[    0.564488]   Magic number: 10:548:397
[    0.565079] mem random: hash matches
[    0.565673] rtc_cmos rtc_cmos: setting system clock to 2022-10-21 20:22:04 UTC (1666383724)
[    0.566981] BIOS EDD facility v0.16 2004-Jun-25, 0 devices found
[    0.567844] EDD information not available.
[    0.705975] Freeing unused kernel image memory: 2472K
[    1.495174] Write protecting the kernel read-only data: 20480k
[    1.500927] Freeing unused kernel image memory: 2008K
[    1.501919] Freeing unused kernel image memory: 1824K
[    1.508915] x86/mm: Checked W+X mappings: passed, no W+X pages found.
[    1.510833] x86/mm: Checking user space page tables
[    1.518124] x86/mm: Checked W+X mappings: passed, no W+X pages found.
Loading, please wait...
starting version 237
[    1.574248] e1000: Intel(R) PRO/1000 Network Driver - version 7.3.21-k8-NAPI
[    1.575583] e1000: Copyright (c) 1999-2006 Intel Corporation.
[    1.580663] Fusion MPT base driver 3.04.20
[    1.581363] Copyright (c) 1999-2008 LSI Corporation
[    1.601059] Fusion MPT SPI Host driver 3.04.20
[    1.603314] AVX2 version of gcm_enc/dec engaged.
[    1.603941] AES CTR mode by8 optimization enabled
[    1.792708] input: ImExPS/2 Generic Explorer Mouse as /devices/platform/i8042/serio1/input/input4
[    1.926903] e1000 0000:00:03.0 eth0: (PCI:33MHz:32-bit) 02:ef:f7:70:2e:71
[    1.927833] e1000 0000:00:03.0 eth0: Intel(R) PRO/1000 Network Connection
[    1.929345] mptbase: ioc0: Initiating bringup
[    2.024168] ioc0: LSI53C1030 A0: Capabilities={Initiator}
[    2.271587] scsi host2: ioc0: LSI53C1030 A0, FwRev=00000000h, Ports=1, MaxQ=256, IRQ=20
[    2.441044] scsi 2:0:0:0: Direct-Access     VBOX     HARDDISK         1.0  PQ: 0 ANSI: 5
[    2.472143] scsi target2:0:0: Beginning Domain Validation
[    2.476419] scsi target2:0:0: Domain Validation skipping write tests
[    2.477185] scsi target2:0:0: Ending Domain Validation
[    2.477853] scsi target2:0:0: asynchronous
[    2.478632] scsi 2:0:1:0: Direct-Access     VBOX     HARDDISK         1.0  PQ: 0 ANSI: 5
[    2.624911] scsi target2:0:1: Beginning Domain Validation
[    2.628558] scsi target2:0:1: Domain Validation skipping write tests
[    2.629369] scsi target2:0:1: Ending Domain Validation
[    2.630073] scsi target2:0:1: asynchronous
[    2.632848] sd 2:0:0:0: [sda] 83886080 512-byte logical blocks: (42.9 GB/40.0 GiB)
[    2.633867] sd 2:0:0:0: [sda] Write Protect is off
[    2.635079] sd 2:0:0:0: [sda] Incomplete mode parameter data
[    2.635811] sd 2:0:0:0: [sda] Assuming drive cache: write through
[    2.636955] sd 2:0:0:0: Attached scsi generic sg0 type 0
[    2.638136] sd 2:0:1:0: Attached scsi generic sg1 type 0
[    2.638966] sd 2:0:1:0: [sdb] 20480 512-byte logical blocks: (10.5 MB/10.0 MiB)
[    2.639928] sd 2:0:1:0: [sdb] Write Protect is off
[    2.640669] sd 2:0:1:0: [sdb] Incomplete mode parameter data
[    2.641387] sd 2:0:1:0: [sdb] Assuming drive cache: write through
[    2.646287]  sda: sda1
[    2.647117] sd 2:0:0:0: [sda] Attached SCSI disk
[    2.648498] sd 2:0:1:0: [sdb] Attached SCSI disk
[    2.808944] e1000 0000:00:08.0 eth1: (PCI:33MHz:32-bit) 08:00:27:cf:56:f2
[    2.811519] e1000 0000:00:08.0 eth1: Intel(R) PRO/1000 Network Connection
[    2.813977] e1000 0000:00:03.0 enp0s3: renamed from eth0
[    2.828185] e1000 0000:00:08.0 enp0s8: renamed from eth1
Begin: Loading essential drivers ... [    4.256088] raid6: sse2x1   gen() 14095 MB/s
[    4.304082] raid6: sse2x1   xor()  8262 MB/s
[    4.352045] raid6: sse2x2   gen() 17698 MB/s
[    4.400073] raid6: sse2x2   xor() 11295 MB/s
[    4.448051] raid6: sse2x4   gen() 18527 MB/s
[    4.496055] raid6: sse2x4   xor() 11275 MB/s
[    4.544075] raid6: avx2x1   gen() 28626 MB/s
[    4.592074] raid6: avx2x1   xor() 16721 MB/s
[    4.640079] raid6: avx2x2   gen() 33667 MB/s
[    4.688071] raid6: avx2x2   xor() 22206 MB/s
[    4.736073] raid6: avx2x4   gen() 36839 MB/s
[    4.784072] raid6: avx2x4   xor() 22364 MB/s
[    4.784791] raid6: using algorithm avx2x4 gen() 36839 MB/s
[    4.785461] raid6: .... xor() 22364 MB/s, rmw enabled
[    4.786081] raid6: using avx2x2 recovery algorithm
[    4.787680] xor: automatically using best checksumming function   avx       
[    4.789569] async_tx: api initialized (async)
done.
Begin: Running /scripts/init-premount ... done.
Begin: Mounting root file system ... Begin: Running /scripts/local-top ... done.
Begin: Running /scripts/local-premount ... [    4.823888] Btrfs loaded, crc32c=crc32c-intel
Scanning for Btrfs filesystems
done.
Warning: fsck not present, so skipping root file system
[    4.850077] EXT4-fs (sda1): mounted filesystem with ordered data mode. Opts: (null)
done.
Begin: Running /scripts/local-bottom ... done.
Begin: Running /scripts/init-bottom ... done.
[    4.963326] ip_tables: (C) 2000-2006 Netfilter Core Team
[    4.969217] systemd[1]: systemd 237 running in system mode. (+PAM +AUDIT +SELINUX +IMA +APPARMOR +SMACK +SYSVINIT +UTMP +LIBCRYPTSETUP +GCRYPT +GNUTLS +ACL +XZ +LZ4 +SECCOMP +BLKID +ELFUTILS +KMOD -IDN2 +IDN -PCRE2 default-hierarchy=hybrid)
[    4.971853] systemd[1]: Detected virtualization oracle.
[    4.972577] systemd[1]: Detected architecture x86-64.

Welcome to [1mUbuntu 18.04.6 LTS[0m!

[    4.976662] systemd[1]: Set hostname to <ubuntu>.
[    4.979011] systemd[1]: Initializing machine ID from random generator.
[    4.979840] systemd[1]: Installed transient /etc/machine-id file.
[    5.207726] systemd[1]: Created slice System Slice.
[[0;32m  OK  [0m] Created slice System Slice.
[    5.209055] systemd[1]: Listening on Journal Socket (/dev/log).
[[0;32m  OK  [0m] Listening on Journal Socket (/dev/log).
[    5.210364] systemd[1]: Listening on udev Control Socket.
[[0;32m  OK  [0m] Listening on udev Control Socket.
[    5.211518] systemd[1]: Reached target System Time Synchronized.
[[0;32m  OK  [0m] Reached target System Time Synchronized.
[[0;32m  OK  [0m] Reached target User and Group Name Lookups.
[[0;32m  OK  [0m] Set up automount Arbitrary Executab…rmats File System Automount Point.
[[0;32m  OK  [0m] Listening on udev Kernel Socket.
[[0;32m  OK  [0m] Listening on Journal Audit Socket.
[[0;32m  OK  [0m] Listening on /dev/initctl Compatibility Named Pipe.
[[0;32m  OK  [0m] Listening on fsck to fsckd communication Socket.
[[0;32m  OK  [0m] Listening on Journal Socket.
         Mounting Kernel Debug File System...
         Mounting POSIX Message Queue File System...
         Starting Set the console keyboard layout...
         Starting Uncomplicated firewall...
         Starting File System Check on Root Device...
         Starting udev Coldplug all Devices...
         Mounting Huge Pages File System...
[[0;32m  OK  [0m] Created slice User and Session Slice.
[[0;32m  OK  [0m] Created slice system-serial\x2dgetty.slice.
[[0;32m  OK  [0m] Started Forward Password Requests to Wall Directory Watch.
[[0;32m  OK  [0m] Listening on Device-mapper event daemon FIFOs.
[[0;32m  OK  [0m] Listening on Syslog Socket.
         Starting Journal Service...
[[0;32m  OK  [0m] Listening on Network Service Netlink Socket.
[[0;32m  OK  [0m] Reached target Slices.
[[0;32m  OK  [0m] Listening on LVM2 poll daemon socket.
[[0;32m  OK  [0m] Listening on LVM2 metadata daemon socket.
         Starting Monitoring of LVM2 mirrors…ng dmeventd or progress polling...
         Starting Create list of required st…ce nodes for the current kernel...
         Starting Load Kernel Modules...
[[0;32m  OK  [0m] Reached target Swap.
[[0;32m  OK  [0m] Mounted Kernel Debug File System.
[[0;32m  OK  [0m] Mounted POSIX Message Queue File System.
[[0;32m  OK  [0m] Started Uncomplicated firewall.
[[0;32m  OK  [0m] Mounted Huge Pages File System.
[[0;32m  OK  [0m] Started File System Check Daemon to report status.
[[0;32m  OK  [0m] Started LVM2 metadata daemon.
[[0;32m  OK  [0m] Started Create list of required sta…vice nodes for the current kernel.
         Starting Create Static Device Nodes in /dev...
[[0;32m  OK  [0m] Started File System Check on Root Device.
         Starting Remount Root and Kernel File Systems...
[    5.311607] Loading iSCSI transport class v2.0-870.
[[0;32m  OK  [0m] Started Journal Service.
[[    5.317366] iscsi: registered transport (tcp)
[0;32m  OK  [0m] Started udev Coldplug all Devices.
[[0;32m  OK  [0m] Started Create Static Device Nodes in /dev.
[    5.365567] EXT4-fs (sda1): re-mounted. Opts: (null)
[[0;32m  OK  [0m] Started Remount Root and Kernel File Systems.
         Starting Load/Save Random Seed...
         Starting Flush Journal to Persistent Storage...
[    5.370966] iscsi: registered transport (iser)
         Starting udev Kernel Device Manager...
[[0;32m  OK  [0m] Started Monitoring of LVM2 mirrors,…sing dmeventd or progress polling.
[[0;32m  OK  [0m] Started Load Kernel Modules.
[[0;32m  OK  [0m] Started Load/Save Random Seed.
         Starting Apply Kernel Variables...
         Mounting Kernel Configuration File System...
         Mounting FUSE Control File System...
[[0;32m  OK  [0m] Mounted Kernel Configuration File System.
[[0;32m  OK  [0m] Mounted FUSE Control File System.
[    5.400746] systemd-journald[415]: Received request to flush runtime journal from PID 1
[[0;32m  OK  [0m] Started udev Kernel Device Manager.
[[0;32m  OK  [0m] Started Apply Kernel Variables.
[[0;32m  OK  [0m] Started Flush Journal to Persistent Storage.
[[0;32m  OK  [0m] Found device /dev/ttyS0.
[[0;32m  OK  [0m] Listening on Load/Save RF Kill Switch Status /dev/rfkill Watch.
[[0;32m  OK  [0m] Started Set the console keyboard layout.
[[0;32m  OK  [0m] Started Dispatch Password Requests to Console Directory Watch.
[[0;32m  OK  [0m] Reached target Local Encrypted Volumes.
[[0;32m  OK  [0m] Reached target Local File Systems (Pre).
[[0;32m  OK  [0m] Reached target Local File Systems.
         Starting Commit a transient machine-id on disk...
         Starting AppArmor initialization...
         Starting Tell Plymouth To Write Out Runtime Data...
         Starting Set console font and keymap...
         Starting ebtables ruleset management...
         Starting Create Volatile Files and Directories...
[[0;32m  OK  [0m] Started Tell Plymouth To Write Out Runtime Data.
[[0;32m  OK  [0m] Started Create Volatile Files and Directories.
         Starting Update UTMP about System Boot/Shutdown...
[[0;32m  OK  [0m] Started Update UTMP about System Boot/Shutdown.
[[0;32m  OK  [0m] Started Commit a transient machine-id on disk.
[[0;32m  OK  [0m] Started ebtables ruleset management.
[[0;32m  OK  [0m] Started AppArmor initialization.
         Starting Load AppArmor profiles managed internally by snapd...
         Starting Initial cloud-init job (pre-networking)...
[[0;32m  OK  [0m] Started Load AppArmor profiles managed internally by snapd.
[[0;32m  OK  [0m] Started Set console font and keymap.
[    7.578656] cloud-init[864]: Cloud-init v. 22.3.4-0ubuntu1~18.04.1 running 'init-local' at Fri, 21 Oct 2022 20:22:11 +0000. Up 7.36 seconds.
[[0;32m  OK  [0m] Started Initial cloud-init job (pre-networking).
[[0;32m  OK  [0m] Reached target Network (Pre).
         Starting Network Service...
[[0;32m  OK  [0m] Started Network Service.
         Starting Wait for Network to be Configured...
         Starting Network Name Resolution...
[[0;32m  OK  [0m] Started Network Name Resolution.
[[0;32m  OK  [0m] Reached target Host and Network Name Lookups.
[[0;32m  OK  [0m] Reached target Network.
[[0;32m  OK  [0m] Started Wait for Network to be Configured.
         Starting Initial cloud-init job (metadata service crawler)...
[    9.802965] cloud-init[1013]: Cloud-init v. 22.3.4-0ubuntu1~18.04.1 running 'init' at Fri, 21 Oct 2022 20:22:13 +0000. Up 9.70 seconds.
[    9.803932] cloud-init[1013]: ci-info: ++++++++++++++++++++++++++++++++++++++Net device info+++++++++++++++++++++++++++++++++++++++
[    9.804906] cloud-init[1013]: ci-info: +--------+-------+----------------------------+---------------+--------+-------------------+
[    9.805859] cloud-init[1013]: ci-info: | Device |   Up  |          Address           |      Mask     | Scope  |     Hw-Address    |
[    9.806761] cloud-init[1013]: ci-info: +--------+-------+----------------------------+---------------+--------+-------------------+
[    9.807865] cloud-init[1013]: ci-info: | enp0s3 |  True |         10.0.2.15          | 255.255.255.0 | global | 02:ef:f7:70:2e:71 |
[    9.808802] cloud-init[1013]: ci-info: | enp0s3 |  True | fe80::ef:f7ff:fe70:2e71/64 |       .       |  link  | 02:ef:f7:70:2e:71 |
[    9.809701] cloud-init[1013]: ci-info: | enp0s8 | False |             .              |       .       |   .    | 08:00:27:cf:56:f2 |
[    9.810626] cloud-init[1013]: ci-info: |   lo   |  True |         127.0.0.1          |   255.0.0.0   |  host  |         .         |
[    9.811602] cloud-init[1013]: ci-info: |   lo   |  True |          ::1/128           |       .       |  host  |         .         |
[    9.812541] cloud-init[1013]: ci-info: +--------+-------+----------------------------+---------------+--------+-------------------+
[    9.813471] cloud-init[1013]: ci-info: ++++++++++++++++++++++++++++Route IPv4 info+++++++++++++++++++++++++++++
[    9.814348] cloud-init[1013]: ci-info: +-------+-------------+----------+-----------------+-----------+-------+
[    9.815158] cloud-init[1013]: ci-info: | Route | Destination | Gateway  |     Genmask     | Interface | Flags |
[    9.816000] cloud-init[1013]: ci-info: +-------+-------------+----------+-----------------+-----------+-------+
[    9.816846] cloud-init[1013]: ci-info: |   0   |   0.0.0.0   | 10.0.2.2 |     0.0.0.0     |   enp0s3  |   UG  |
[    9.817778] cloud-init[1013]: ci-info: |   1   |   10.0.2.0  | 0.0.0.0  |  255.255.255.0  |   enp0s3  |   U   |
[    9.818679] cloud-init[1013]: ci-info: |   2   |   10.0.2.2  | 0.0.0.0  | 255.255.255.255 |   enp0s3  |   UH  |
[    9.819553] cloud-init[1013]: ci-info: +-------+-------------+----------+-----------------+-----------+-------+
[    9.820358] cloud-init[1013]: ci-info: +++++++++++++++++++Route IPv6 info+++++++++++++++++++
[    9.821033] cloud-init[1013]: ci-info: +-------+-------------+---------+-----------+-------+
[    9.821720] cloud-init[1013]: ci-info: | Route | Destination | Gateway | Interface | Flags |
[    9.822409] cloud-init[1013]: ci-info: +-------+-------------+---------+-----------+-------+
[    9.823127] cloud-init[1013]: ci-info: |   1   |  fe80::/64  |    ::   |   enp0s3  |   U   |
[    9.823808] cloud-init[1013]: ci-info: |   3   |    local    |    ::   |   enp0s3  |   U   |
[    9.824504] cloud-init[1013]: ci-info: |   4   |   ff00::/8  |    ::   |   enp0s3  |   U   |
[    9.825232] cloud-init[1013]: ci-info: +-------+-------------+---------+-----------+-------+
[   10.379790] cloud-init[1013]: Generating public/private rsa key pair.
[   10.380364] cloud-init[1013]: Your identification has been saved in /etc/ssh/ssh_host_rsa_key.
[   10.381085] cloud-init[1013]: Your public key has been saved in /etc/ssh/ssh_host_rsa_key.pub.
[   10.381798] cloud-init[1013]: The key fingerprint is:
[   10.382278] cloud-init[1013]: SHA256:71/CkafVOECjaBmE+KpcKKtzl63OIhpDEqnxWGyY+Iw root@ubuntu-bionic
[   10.383019] cloud-init[1013]: The key's randomart image is:
[   10.383483] cloud-init[1013]: +---[RSA 2048]----+
[   10.383891] cloud-init[1013]: |     . oo   o    |
[   10.384326] cloud-init[1013]: |.=  . .  + o .   |
[   10.384735] cloud-init[1013]: |B +  .  + . .    |
[   10.385147] cloud-init[1013]: |.@    ..     o o |
[   10.385558] cloud-init[1013]: |E.+. .  S   o = .|
[   10.385963] cloud-init[1013]: |+ . o    . . = . |
[   10.386383] cloud-init[1013]: |o+ o o    . + .  |
[   10.386795] cloud-init[1013]: |+o=.o .  .   o   |
[   10.387205] cloud-init[1013]: |=+ ++.    ...    |
[   10.387613] cloud-init[1013]: +----[SHA256]-----+
[   10.388021] cloud-init[1013]: Generating public/private dsa key pair.
[   10.388629] cloud-init[1013]: Your identification has been saved in /etc/ssh/ssh_host_dsa_key.
[   10.389334] cloud-init[1013]: Your public key has been saved in /etc/ssh/ssh_host_dsa_key.pub.
[   10.390034] cloud-init[1013]: The key fingerprint is:
[   10.390471] cloud-init[1013]: SHA256:kPoeCwR1/yLNqsizHJkHWIU7YTA2EvVGDifi3YyyfwY root@ubuntu-bionic
[   10.391196] cloud-init[1013]: The key's randomart image is:
[   10.391655] cloud-init[1013]: +---[DSA 1024]----+
[   10.392100] cloud-init[1013]: |**+.= .          |
[   10.392519] cloud-init[1013]: |+o*X+. o         |
[   10.392935] cloud-init[1013]: | +o=+oo .        |
[   10.393349] cloud-init[1013]: | o=o . + .       |
[   10.393757] cloud-init[1013]: |...Eo . S .      |
[   10.394170] cloud-init[1013]: |  .=.. o .       |
[   10.394576] cloud-init[1013]: |  +.oo+          |
[   10.394981] cloud-init[1013]: | o.+o+ o         |
[   10.395388] cloud-init[1013]: |  =o. o          |
[   10.395795] cloud-init[1013]: +----[SHA256]-----+
[   10.396205] cloud-init[1013]: Generating public/private ecdsa key pair.
[   10.396754] cloud-init[1013]: Your identification has been saved in /etc/ssh/ssh_host_ecdsa_key.
[   10.397436] cloud-init[1013]: Your public key has been saved in /etc/ssh/ssh_host_ecdsa_key.pub.
[   10.398134] cloud-init[1013]: The key fingerprint is:
[   10.398568] cloud-init[1013]: SHA256:mjmLktH+ZQhUNAW9RsUodh5JpvjQsF6ey8iYN8NEtD8 root@ubuntu-bionic
[   10.399291] cloud-init[1013]: The key's randomart image is:
[   10.399759] cloud-init[1013]: +---[ECDSA 256]---+
[   10.400182] cloud-init[1013]: |    o.==+=.      |
[   10.400633] cloud-init[1013]: |   . Bo+B .      |
[   10.401054] cloud-init[1013]: |    B.+= o       |
[   10.401467] cloud-init[1013]: |   + * .+        |
[   10.401877] cloud-init[1013]: |   .+ E.S        |
[   10.402293] cloud-init[1013]: |  .*.+ B         |
[   10.402703] cloud-init[1013]: |  o+B O o        |
[   10.403116] cloud-init[1013]: |  o..+ =         |
[   10.403526] cloud-init[1013]: |   ...o          |
[   10.403928] cloud-init[1013]: +----[SHA256]-----+
[   10.404383] cloud-init[1013]: Generating public/private ed25519 key pair.
[   10.404943] cloud-init[1013]: Your identification has been saved in /etc/ssh/ssh_host_ed25519_key.
[   10.405676] cloud-init[1013]: Your public key has been saved in /etc/ssh/ssh_host_ed25519_key.pub.
[   10.406391] cloud-init[1013]: The key fingerprint is:
[   10.406816] cloud-init[1013]: SHA256:NtHZkmQWz685m7phGEekid6NbDZTjdhY9acUTQsobN8 root@ubuntu-bionic
[   10.407550] cloud-init[1013]: The key's randomart image is:
[   10.408032] cloud-init[1013]: +--[ED25519 256]--+
[   10.408539] cloud-init[1013]: |        . Boo..o.|
[   10.408948] cloud-init[1013]: |       . ^ X ...o|
[   10.409357] cloud-init[1013]: |      . B % * o..|
[   10.409766] cloud-init[1013]: |     . o * o E o |
[   10.410179] cloud-init[1013]: |      . S o   o  |
[   10.410581] cloud-init[1013]: |       + B   o   |
[   10.410983] cloud-init[1013]: |        . o +    |
[   10.411392] cloud-init[1013]: |         . . +   |
[   10.411806] cloud-init[1013]: |          ooo    |
[   10.412222] cloud-init[1013]: +----[SHA256]-----+
[[0;32m  OK  [0m] Started Initial cloud-init job (metadata service crawler).
[[0;32m  OK  [0m] Reached target Network is Online.
[[0;32m  OK  [0m] Reached target Remote File Systems (Pre).
[[0;32m  OK  [0m] Reached target Remote File Systems.
         Starting Availability of block devices...
[[0;32m  OK  [0m] Reached target Cloud-config availability.
[[0;32m  OK  [0m] Reached target System Initialization.
[[0;32m  OK  [0m] Listening on ACPID Listen Socket.
[[0;32m  OK  [0m] Listening on D-Bus System Message Bus Socket.
[[0;32m  OK  [0m] Listening on Open-iSCSI iscsid Socket.
[[0;32m  OK  [0m] Started Daily apt download activities.
[[0;32m  OK  [0m] Started Daily apt upgrade and clean activities.
[[0;32m  OK  [0m] Started Daily Cleanup of Temporary Directories.
[[0;32m  OK  [0m] Started Ubuntu Advantage Timer for running repeated jobs.
[[0;32m  OK  [0m] Started Discard unused blocks once a week.
[[0;32m  OK  [0m] Started Message of the Day.
[[0;32m  OK  [0m] Reached target Timers.
[[0;32m  OK  [0m] Listening on UUID daemon activation socket.
         Starting LXD - unix socket.
[[0;32m  OK  [0m] Started ACPI Events Check.
[[0;32m  OK  [0m] Reached target Paths.
[[0;32m  OK  [0m] Listening on cloud-init hotplug hook socket.
         Starting Socket activation for snappy daemon.
[[0;32m  OK  [0m] Listening on LXD - unix socket.
[[0;32m  OK  [0m] Listening on Socket activation for snappy daemon.
[[0;32m  OK  [0m] Reached target Sockets.
[[0;32m  OK  [0m] Reached target Basic System.
         Starting System Logging Service...
         Starting LSB: automatic crash report generation...
         Starting Dispatcher daemon for systemd-networkd...
         Starting Pollinate to seed the pseudo random number generator...
         Starting LXD - container startup/shutdown...
[[0;32m  OK  [0m] Started D-Bus System Message Bus.
         Starting Permit User Sessions...
         Starting Virtualbox guest utils...
         Starting LSB: Record successful boot for GRUB...
         Starting Login Service...
         Starting Accounts Service...
[[0;32m  OK  [0m] Started Regular background program processing daemon.
         Starting Snap Daemon...
[[0;32m  OK  [0m] Started irqbalance daemon.
[[0;32m  OK  [0m] Started Deferred execution scheduler.
[[0;32m  OK  [0m] Started FUSE filesystem for LXC.
[[0;32m  OK  [0m] Started System Logging Service.
[[0;32m  OK  [0m] Started Availability of block devices.
[[0;32m  OK  [0m] Started Permit User Sessions.
         Starting Terminate Plymouth Boot Screen...
         Starting Hold until boot process finishes up...
[[0;32m  OK  [0m] Started Hold until boot process finishes up.
         Starting Set console scheme...
[[0;32m  OK  [0m] Started Serial Getty on ttyS0.
[[0;32m  OK  [0m] Started Terminate Plymouth Boot Screen.
[[0;32m  OK  [0m] Started LSB: automatic crash report generation.
[[0;32m  OK  [0m] Started Set console scheme.
[[0;32m  OK  [0m] Started Login Service.
[[0;32m  OK  [0m] Started Unattended Upgrades Shutdown.
[[0;32m  OK  [0m] Created slice system-getty.slice.
[[0;32m  OK  [0m] Started Getty on tty1.
[[0;32m  OK  [0m] Reached target Login Prompts.
         Starting Authorization Manager...
[[0;32m  OK  [0m] Started LXD - container startup/shutdown.
[[0;32m  OK  [0m] Started LSB: Record successful boot for GRUB.
[[0;32m  OK  [0m] Started Authorization Manager.
[[0;32m  OK  [0m] Started Accounts Service.
[[0;32m  OK  [0m] Started Virtualbox guest utils.
[[0;32m  OK  [0m] Started Dispatcher daemon for systemd-networkd.
[[0;32m  OK  [0m] Started Snap Daemon.
         Starting Wait until snapd is fully seeded...
         Starting Time & Date Service...
[[0;32m  OK  [0m] Started Time & Date Service.
[[0;32m  OK  [0m] Started Pollinate to seed the pseudo random number generator.
         Starting OpenBSD Secure Shell server...
[[0;32m  OK  [0m] Started OpenBSD Secure Shell server.
[[0;32m  OK  [0m] Created slice User Slice of vagrant.
         Starting User Manager for UID 1000...
[[0;32m  OK  [0m] Started Session 1 of user vagrant.
[[0;32m  OK  [0m] Started User Manager for UID 1000.
[[0;32m  OK  [0m] Started Wait until snapd is fully seeded.
         Starting Apply the settings specified in cloud-config...
[   16.041718] cloud-init[1808]: Cloud-init v. 22.3.4-0ubuntu1~18.04.1 running 'modules:config' at Fri, 21 Oct 2022 20:22:19 +0000. Up 15.77 seconds.
ci-info: no authorized SSH keys fingerprints found for user ubuntu.
<14>Oct 21 20:22:20 cloud-init: #############################################################
<14>Oct 21 20:22:20 cloud-init: -----BEGIN SSH HOST KEY FINGERPRINTS-----
<14>Oct 21 20:22:20 cloud-init: 1024 SHA256:kPoeCwR1/yLNqsizHJkHWIU7YTA2EvVGDifi3YyyfwY root@ubuntu-bionic (DSA)
<14>Oct 21 20:22:20 cloud-init: 256 SHA256:mjmLktH+ZQhUNAW9RsUodh5JpvjQsF6ey8iYN8NEtD8 root@ubuntu-bionic (ECDSA)
<14>Oct 21 20:22:20 cloud-init: 256 SHA256:NtHZkmQWz685m7phGEekid6NbDZTjdhY9acUTQsobN8 root@ubuntu-bionic (ED25519)
<14>Oct 21 20:22:20 cloud-init: 2048 SHA256:71/CkafVOECjaBmE+KpcKKtzl63OIhpDEqnxWGyY+Iw root@ubuntu-bionic (RSA)
<14>Oct 21 20:22:20 cloud-init: -----END SSH HOST KEY FINGERPRINTS-----
<14>Oct 21 20:22:20 cloud-init: #############################################################
-----BEGIN SSH HOST KEY KEYS-----
ecdsa-sha2-nistp256 AAAAE2VjZHNhLXNoYTItbmlzdHAyNTYAAAAIbmlzdHAyNTYAAABBBAbOcSaBqYhoLCq163Q9pTYyHB6wfq1ymSya5qJg7V7wTB/Ln+j106zDNyI0diX8itPN65AulUFIfDjIS2ywuU0= root@ubuntu-bionic
ssh-ed25519 AAAAC3NzaC1lZDI1NTE5AAAAIC43xC2Op+MFhEWPN3TK7WZBKCGC4ohQXBPKVatpefjH root@ubuntu-bionic
ssh-rsa AAAAB3NzaC1yc2EAAAADAQABAAABAQC8UrSTy2oFI7hMDoSoV1VOKaBzeiFoPpCRi1svQvhbiHd5M71R4xucYYqrjSWrVww9u4T79LQJjwSx0aW8vBdcExHtdLTW7Y2uEivhLaxI+cdNtJC5uA7fysZGawDDXvZuOilKHn9J3McvgtompVkKcea/EzM16i4X3htFdoXsUMCdR4JGJwpu1jEGSVOgsK44+r+mw58nmdVDrygXrlmW6H05T6pe/cUqXvxAKneFgMNblWePK9QCr2h9PtlW/PBSExwYw7vnvOI5EkloTq52iQ9RMCH8YXSEDw6zjCd8A6HdPq8EhCeptFAiOM8cjDcTXsOLCTs6nJUevGR5Hxej root@ubuntu-bionic
-----END SSH HOST KEY KEYS-----
[   16.511458] cloud-init[1896]: Cloud-init v. 22.3.4-0ubuntu1~18.04.1 running 'modules:final' at Fri, 21 Oct 2022 20:22:20 +0000. Up 16.38 seconds.
[   16.511535] cloud-init[1896]: Cloud-init v. 22.3.4-0ubuntu1~18.04.1 finished at Fri, 21 Oct 2022 20:22:20 +0000. Datasource DataSourceNoCloud [seed=/dev/sdb][dsmode=net].  Up 16.50 seconds

Ubuntu 18.04.6 LTS ubuntu-bionic ttyS0

ubuntu-bionic login:                                                                                                                                                                                                                                                                                                                     